[debug] [2021-01-22T20:13:30.764Z] ----------------------------------------------------------------------
[debug] [2021-01-22T20:13:30.768Z] Command:       C:\Program Files\nodejs\node.exe C:\Users\Nadine\AppData\Roaming\npm\node_modules\firebase-tools\lib\bin\firebase.js init
[debug] [2021-01-22T20:13:30.769Z] CLI Version:   9.2.2
[debug] [2021-01-22T20:13:30.769Z] Platform:      win32
[debug] [2021-01-22T20:13:30.769Z] Node Version:  v14.15.3
[debug] [2021-01-22T20:13:30.772Z] Time:          Fri Jan 22 2021 22:13:30 GMT+0200 (Eastern European Standard Time)
[debug] [2021-01-22T20:13:30.772Z] ----------------------------------------------------------------------
[debug] [2021-01-22T20:13:30.772Z] 
[debug] [2021-01-22T20:13:30.785Z] > command requires scopes: ["email","openid","https://www.googleapis.com/auth/cloudplatformprojects.readonly","https://www.googleapis.com/auth/firebase","https://www.googleapis.com/auth/cloud-platform"]
[debug] [2021-01-22T20:13:30.787Z] > authorizing via signed-in user
[info] 
     ######## #### ########  ######## ########     ###     ######  ########
     ##        ##  ##     ## ##       ##     ##  ##   ##  ##       ##
     ######    ##  ########  ######   ########  #########  ######  ######
     ##        ##  ##    ##  ##       ##     ## ##     ##       ## ##
     ##       #### ##     ## ######## ########  ##     ##  ######  ########

You're about to initialize a Firebase project in this directory:

  C:\xampp\htdocs\Vscode Projects\Facebook-Clone\my-app

Before we get started, keep in mind:

  * You are currently outside your home directory

